Map possibilities calculated in:  0.126.
Successfully created bot! My Player ID is 3. Bot rng seed is 1542319177.
=============== TURN 1 ================
=============== TURN 2 ================
=============== TURN 3 ================
=============== TURN 4 ================
=============== TURN 5 ================
=============== TURN 6 ================
=============== TURN 7 ================
=============== TURN 8 ================
=============== TURN 9 ================
=============== TURN 10 ================
=============== TURN 11 ================
=============== TURN 12 ================
=============== TURN 13 ================
=============== TURN 14 ================
=============== TURN 15 ================
=============== TURN 16 ================
=============== TURN 17 ================
=============== TURN 18 ================
=============== TURN 19 ================
=============== TURN 20 ================
=============== TURN 21 ================
=============== TURN 22 ================
=============== TURN 23 ================
=============== TURN 24 ================
=============== TURN 25 ================
=============== TURN 26 ================
=============== TURN 27 ================
=============== TURN 28 ================
=============== TURN 29 ================
=============== TURN 30 ================
=============== TURN 31 ================
Ship 4 have more than 980 halite, returning
=============== TURN 32 ================
=============== TURN 33 ================
=============== TURN 34 ================
=============== TURN 35 ================
=============== TURN 36 ================
=============== TURN 37 ================
Ship 0 have more than 980 halite, returning
=============== TURN 38 ================
=============== TURN 39 ================
=============== TURN 40 ================
=============== TURN 41 ================
=============== TURN 42 ================
Ship 2 have more than 980 halite, returning
=============== TURN 43 ================
Ship 6 have more than 980 halite, returning
=============== TURN 44 ================
=============== TURN 45 ================
=============== TURN 46 ================
=============== TURN 47 ================
=============== TURN 48 ================
=============== TURN 49 ================
=============== TURN 50 ================
=============== TURN 51 ================
=============== TURN 52 ================
=============== TURN 53 ================
=============== TURN 54 ================
Ship 8 have more than 980 halite, returning
=============== TURN 55 ================
=============== TURN 56 ================
=============== TURN 57 ================
=============== TURN 58 ================
=============== TURN 59 ================
=============== TURN 60 ================
=============== TURN 61 ================
=============== TURN 62 ================
=============== TURN 63 ================
=============== TURN 64 ================
=============== TURN 65 ================
=============== TURN 66 ================
=============== TURN 67 ================
=============== TURN 68 ================
=============== TURN 69 ================
=============== TURN 70 ================
=============== TURN 71 ================
=============== TURN 72 ================
=============== TURN 73 ================
=============== TURN 74 ================
=============== TURN 75 ================
=============== TURN 76 ================
=============== TURN 77 ================
=============== TURN 78 ================
=============== TURN 79 ================
=============== TURN 80 ================
=============== TURN 81 ================
=============== TURN 82 ================
=============== TURN 83 ================
=============== TURN 84 ================
=============== TURN 85 ================
=============== TURN 86 ================
=============== TURN 87 ================
Ship 0 have more than 980 halite, returning
Ship 10 have more than 980 halite, returning
=============== TURN 88 ================
=============== TURN 89 ================
=============== TURN 90 ================
=============== TURN 91 ================
=============== TURN 92 ================
=============== TURN 93 ================
Ship 4 have more than 980 halite, returning
=============== TURN 94 ================
Ship 14 have more than 980 halite, returning
=============== TURN 95 ================
=============== TURN 96 ================
=============== TURN 97 ================
=============== TURN 98 ================
=============== TURN 99 ================
=============== TURN 100 ================
=============== TURN 101 ================
Ship 12 have more than 980 halite, returning
=============== TURN 102 ================
Ship 2 have more than 980 halite, returning
=============== TURN 103 ================
Ship 6 have more than 980 halite, returning
=============== TURN 104 ================
=============== TURN 105 ================
=============== TURN 106 ================
=============== TURN 107 ================
=============== TURN 108 ================
=============== TURN 109 ================
=============== TURN 110 ================
Ship 8 have more than 980 halite, returning
=============== TURN 111 ================
=============== TURN 112 ================
=============== TURN 113 ================
=============== TURN 114 ================
=============== TURN 115 ================
=============== TURN 116 ================
=============== TURN 117 ================
=============== TURN 118 ================
=============== TURN 119 ================
=============== TURN 120 ================
=============== TURN 121 ================
=============== TURN 122 ================
Dropoff ship info: Ship { owner: PlayerId(3), id: ShipId(16), position: Position { x: 36, y: 45 }, halite: 748, max_halite: 1000 }.
=============== TURN 123 ================
Dropoff ship info: Ship { owner: PlayerId(3), id: ShipId(16), position: Position { x: 35, y: 45 }, halite: 730, max_halite: 1000 }.
=============== TURN 124 ================
Dropoff ship info: Ship { owner: PlayerId(3), id: ShipId(16), position: Position { x: 34, y: 45 }, halite: 710, max_halite: 1000 }.
=============== TURN 125 ================
Dropoff ship info: Ship { owner: PlayerId(3), id: ShipId(16), position: Position { x: 33, y: 45 }, halite: 695, max_halite: 1000 }.
=============== TURN 126 ================
Dropoff ship info: Ship { owner: PlayerId(3), id: ShipId(16), position: Position { x: 32, y: 45 }, halite: 668, max_halite: 1000 }.
=============== TURN 127 ================
Dropoff ship info: Ship { owner: PlayerId(3), id: ShipId(16), position: Position { x: 31, y: 45 }, halite: 660, max_halite: 1000 }.
=============== TURN 128 ================
Dropoff ship info: Ship { owner: PlayerId(3), id: ShipId(16), position: Position { x: 30, y: 45 }, halite: 652, max_halite: 1000 }.
=============== TURN 129 ================
Dropoff ship info: Ship { owner: PlayerId(3), id: ShipId(16), position: Position { x: 29, y: 45 }, halite: 625, max_halite: 1000 }.
=============== TURN 130 ================
Dropoff ship info: Ship { owner: PlayerId(3), id: ShipId(16), position: Position { x: 28, y: 45 }, halite: 610, max_halite: 1000 }.
=============== TURN 131 ================
Dropoff ship info: Ship { owner: PlayerId(3), id: ShipId(16), position: Position { x: 28, y: 46 }, halite: 590, max_halite: 1000 }.
=============== TURN 132 ================
Dropoff ship info: Ship { owner: PlayerId(3), id: ShipId(16), position: Position { x: 27, y: 46 }, halite: 564, max_halite: 1000 }.
=============== TURN 133 ================
Dropoff ship info: Ship { owner: PlayerId(3), id: ShipId(16), position: Position { x: 26, y: 46 }, halite: 553, max_halite: 1000 }.
=============== TURN 134 ================
Dropoff ship info: Ship { owner: PlayerId(3), id: ShipId(16), position: Position { x: 25, y: 46 }, halite: 544, max_halite: 1000 }.
=============== TURN 135 ================
Dropoff ship info: Ship { owner: PlayerId(3), id: ShipId(16), position: Position { x: 24, y: 46 }, halite: 532, max_halite: 1000 }.
=============== TURN 136 ================
Dropoff ship info: Ship { owner: PlayerId(3), id: ShipId(16), position: Position { x: 23, y: 46 }, halite: 530, max_halite: 1000 }.
=============== TURN 137 ================
Dropoff ship info: Ship { owner: PlayerId(3), id: ShipId(16), position: Position { x: 22, y: 46 }, halite: 529, max_halite: 1000 }.
=============== TURN 138 ================
Dropoff ship info: Ship { owner: PlayerId(3), id: ShipId(16), position: Position { x: 21, y: 46 }, halite: 528, max_halite: 1000 }.
=============== TURN 139 ================
Dropoff ship info: Ship { owner: PlayerId(3), id: ShipId(16), position: Position { x: 20, y: 46 }, halite: 527, max_halite: 1000 }.
=============== TURN 140 ================
Dropoff ship info: Ship { owner: PlayerId(3), id: ShipId(16), position: Position { x: 19, y: 46 }, halite: 525, max_halite: 1000 }.
=============== TURN 141 ================
Dropoff ship info: Ship { owner: PlayerId(3), id: ShipId(16), position: Position { x: 18, y: 46 }, halite: 506, max_halite: 1000 }.
=============== TURN 142 ================
Dropoff ship info: Ship { owner: PlayerId(3), id: ShipId(16), position: Position { x: 17, y: 46 }, halite: 481, max_halite: 1000 }.
=============== TURN 143 ================
Dropoff ship info: Ship { owner: PlayerId(3), id: ShipId(16), position: Position { x: 16, y: 46 }, halite: 458, max_halite: 1000 }.
=============== TURN 144 ================
Dropoff ship info: Ship { owner: PlayerId(3), id: ShipId(16), position: Position { x: 15, y: 46 }, halite: 447, max_halite: 1000 }.
=============== TURN 145 ================
Dropoff ship info: Ship { owner: PlayerId(3), id: ShipId(16), position: Position { x: 15, y: 47 }, halite: 436, max_halite: 1000 }.
=============== TURN 146 ================
Dropoff ship info: Ship { owner: PlayerId(3), id: ShipId(16), position: Position { x: 15, y: 48 }, halite: 429, max_halite: 1000 }.
Ship 10 have more than 980 halite, returning
=============== TURN 147 ================
Dropoff ship info: Ship { owner: PlayerId(3), id: ShipId(16), position: Position { x: 15, y: 49 }, halite: 414, max_halite: 1000 }.
Ship 0 have more than 980 halite, returning
Ship 14 have more than 980 halite, returning
=============== TURN 148 ================
Dropoff ship info: Ship { owner: PlayerId(3), id: ShipId(16), position: Position { x: 15, y: 50 }, halite: 385, max_halite: 1000 }.
=============== TURN 149 ================
Dropoff ship info: Ship { owner: PlayerId(3), id: ShipId(16), position: Position { x: 15, y: 51 }, halite: 363, max_halite: 1000 }.
=============== TURN 150 ================
Dropoff ship info: Ship { owner: PlayerId(3), id: ShipId(16), position: Position { x: 15, y: 52 }, halite: 334, max_halite: 1000 }.
=============== TURN 151 ================
Dropoff ship info: Ship { owner: PlayerId(3), id: ShipId(16), position: Position { x: 15, y: 53 }, halite: 317, max_halite: 1000 }.
=============== TURN 152 ================
Dropoff ship info: Ship { owner: PlayerId(3), id: ShipId(16), position: Position { x: 15, y: 54 }, halite: 304, max_halite: 1000 }.
=============== TURN 153 ================
Dropoff ship info: Ship { owner: PlayerId(3), id: ShipId(16), position: Position { x: 15, y: 55 }, halite: 288, max_halite: 1000 }.
=============== TURN 154 ================
Dropoff ship info: Ship { owner: PlayerId(3), id: ShipId(16), position: Position { x: 15, y: 56 }, halite: 282, max_halite: 1000 }.
=============== TURN 155 ================
Dropoff ship info: Ship { owner: PlayerId(3), id: ShipId(16), position: Position { x: 15, y: 57 }, halite: 268, max_halite: 1000 }.
=============== TURN 156 ================
Dropoff ship info: Ship { owner: PlayerId(3), id: ShipId(16), position: Position { x: 15, y: 58 }, halite: 235, max_halite: 1000 }.
=============== TURN 157 ================
Dropoff ship info: Ship { owner: PlayerId(3), id: ShipId(16), position: Position { x: 15, y: 59 }, halite: 201, max_halite: 1000 }.
=============== TURN 158 ================
Dropoff ship info: Ship { owner: PlayerId(3), id: ShipId(16), position: Position { x: 15, y: 60 }, halite: 152, max_halite: 1000 }.
=============== TURN 159 ================
Dropoff ship info: Ship { owner: PlayerId(3), id: ShipId(16), position: Position { x: 15, y: 61 }, halite: 118, max_halite: 1000 }.
=============== TURN 160 ================
Dropoff ship info: Ship { owner: PlayerId(3), id: ShipId(16), position: Position { x: 15, y: 62 }, halite: 76, max_halite: 1000 }.
=============== TURN 161 ================
Dropoff ship info: Ship { owner: PlayerId(3), id: ShipId(16), position: Position { x: 15, y: 63 }, halite: 42, max_halite: 1000 }.
Ship 4 have more than 980 halite, returning
=============== TURN 162 ================
Dropoff ship info: Ship { owner: PlayerId(3), id: ShipId(16), position: Position { x: 15, y: 63 }, halite: 178, max_halite: 1000 }.
=============== TURN 163 ================
Dropoff ship info: Ship { owner: PlayerId(3), id: ShipId(16), position: Position { x: 15, y: 0 }, halite: 138, max_halite: 1000 }.
=============== TURN 164 ================
Dropoff ship info: Ship { owner: PlayerId(3), id: ShipId(16), position: Position { x: 15, y: 1 }, halite: 84, max_halite: 1000 }.
Ship 10 will go to dropoff
Ship 4 will go to dropoff
Ship 6 will go to dropoff
Ship 0 will go to dropoff
Ship 2 will go to dropoff
Ship 14 will go to dropoff
Ship 8 will go to dropoff
Ship 12 will go to dropoff
