Map possibilities calculated in:  0.
Successfully created bot! My Player ID is 2. Bot rng seed is 1542715594.
dropoff turn: 139
args vector: ["./target/release/my_bot", "1", "139", "18", "71", "12", "1", "20", "130", "163"]
filter radius: 32
filter divider: 1
=============== TURN 1 ================
=============== TURN 2 ================
=============== TURN 3 ================
=============== TURN 4 ================
=============== TURN 5 ================
=============== TURN 6 ================
=============== TURN 7 ================
=============== TURN 8 ================
=============== TURN 9 ================
=============== TURN 10 ================
=============== TURN 11 ================
=============== TURN 12 ================
=============== TURN 13 ================
=============== TURN 14 ================
=============== TURN 15 ================
=============== TURN 16 ================
=============== TURN 17 ================
=============== TURN 18 ================
=============== TURN 19 ================
=============== TURN 20 ================
=============== TURN 21 ================
=============== TURN 22 ================
=============== TURN 23 ================
=============== TURN 24 ================
=============== TURN 25 ================
=============== TURN 26 ================
=============== TURN 27 ================
=============== TURN 28 ================
=============== TURN 29 ================
=============== TURN 30 ================
=============== TURN 31 ================
=============== TURN 32 ================
=============== TURN 33 ================
=============== TURN 34 ================
=============== TURN 35 ================
=============== TURN 36 ================
Ship 1 have more than 980 halite, returning
=============== TURN 37 ================
=============== TURN 38 ================
=============== TURN 39 ================
=============== TURN 40 ================
Ship 9 have more than 980 halite, returning
=============== TURN 41 ================
=============== TURN 42 ================
=============== TURN 43 ================
=============== TURN 44 ================
=============== TURN 45 ================
=============== TURN 46 ================
=============== TURN 47 ================
=============== TURN 48 ================
=============== TURN 49 ================
=============== TURN 50 ================
=============== TURN 51 ================
=============== TURN 52 ================
=============== TURN 53 ================
=============== TURN 54 ================
=============== TURN 55 ================
=============== TURN 56 ================
=============== TURN 57 ================
=============== TURN 58 ================
Ship 16 have more than 980 halite, returning
Ship 12 have more than 980 halite, returning
=============== TURN 59 ================
=============== TURN 60 ================
Ship 5 have more than 980 halite, returning
=============== TURN 61 ================
=============== TURN 62 ================
=============== TURN 63 ================
=============== TURN 64 ================
=============== TURN 65 ================
=============== TURN 66 ================
=============== TURN 67 ================
=============== TURN 68 ================
=============== TURN 69 ================
=============== TURN 70 ================
=============== TURN 71 ================
=============== TURN 72 ================
=============== TURN 73 ================
=============== TURN 74 ================
=============== TURN 75 ================
=============== TURN 76 ================
=============== TURN 77 ================
=============== TURN 78 ================
=============== TURN 79 ================
=============== TURN 80 ================
=============== TURN 81 ================
=============== TURN 82 ================
Ship 20 have more than 980 halite, returning
=============== TURN 83 ================
=============== TURN 84 ================
=============== TURN 85 ================
=============== TURN 86 ================
=============== TURN 87 ================
=============== TURN 88 ================
=============== TURN 89 ================
=============== TURN 90 ================
Ship 9 have more than 980 halite, returning
=============== TURN 91 ================
=============== TURN 92 ================
=============== TURN 93 ================
=============== TURN 94 ================
=============== TURN 95 ================
=============== TURN 96 ================
Ship 1 have more than 980 halite, returning
=============== TURN 97 ================
=============== TURN 98 ================
=============== TURN 99 ================
=============== TURN 100 ================
=============== TURN 101 ================
=============== TURN 102 ================
Ship 12 have more than 980 halite, returning
=============== TURN 103 ================
=============== TURN 104 ================
=============== TURN 105 ================
=============== TURN 106 ================
=============== TURN 107 ================
=============== TURN 108 ================
=============== TURN 109 ================
=============== TURN 110 ================
=============== TURN 111 ================
=============== TURN 112 ================
=============== TURN 113 ================
=============== TURN 114 ================
Ship 31 have more than 980 halite, returning
=============== TURN 115 ================
=============== TURN 116 ================
=============== TURN 117 ================
=============== TURN 118 ================
=============== TURN 119 ================
=============== TURN 120 ================
=============== TURN 121 ================
Ship 33 have more than 980 halite, returning
=============== TURN 122 ================
=============== TURN 123 ================
Ship 34 have more than 980 halite, returning
=============== TURN 124 ================
=============== TURN 125 ================
=============== TURN 126 ================
=============== TURN 127 ================
=============== TURN 128 ================
=============== TURN 129 ================
=============== TURN 130 ================
=============== TURN 131 ================
=============== TURN 132 ================
=============== TURN 133 ================
Ship 5 have more than 980 halite, returning
=============== TURN 134 ================
=============== TURN 135 ================
=============== TURN 136 ================
Ship 16 have more than 980 halite, returning
=============== TURN 137 ================
=============== TURN 138 ================
=============== TURN 139 ================
=============== TURN 140 ================
Ship 36 have more than 980 halite, returning
=============== TURN 141 ================
=============== TURN 142 ================
=============== TURN 143 ================
=============== TURN 144 ================
Ship 20 have more than 980 halite, returning
=============== TURN 145 ================
Ship 9 have more than 980 halite, returning
=============== TURN 146 ================
=============== TURN 147 ================
=============== TURN 148 ================
=============== TURN 149 ================
=============== TURN 150 ================
Ship 45 have more than 980 halite, returning
=============== TURN 151 ================
Ship 1 have more than 980 halite, returning
=============== TURN 152 ================
=============== TURN 153 ================
=============== TURN 154 ================
=============== TURN 155 ================
=============== TURN 156 ================
=============== TURN 157 ================
=============== TURN 158 ================
=============== TURN 159 ================
=============== TURN 160 ================
=============== TURN 161 ================
=============== TURN 162 ================
=============== TURN 163 ================
=============== TURN 164 ================
=============== TURN 165 ================
=============== TURN 166 ================
=============== TURN 167 ================
=============== TURN 168 ================
Ship 40 have more than 980 halite, returning
=============== TURN 169 ================
=============== TURN 170 ================
=============== TURN 171 ================
=============== TURN 172 ================
=============== TURN 173 ================
=============== TURN 174 ================
=============== TURN 175 ================
=============== TURN 176 ================
=============== TURN 177 ================
Ship 44 have more than 980 halite, returning
Ship 33 have more than 980 halite, returning
=============== TURN 178 ================
=============== TURN 179 ================
=============== TURN 180 ================
Ship 36 have more than 980 halite, returning
=============== TURN 181 ================
=============== TURN 182 ================
=============== TURN 183 ================
=============== TURN 184 ================
=============== TURN 185 ================
=============== TURN 186 ================
=============== TURN 187 ================
=============== TURN 188 ================
=============== TURN 189 ================
=============== TURN 190 ================
=============== TURN 191 ================
=============== TURN 192 ================
=============== TURN 193 ================
Ship 64 have more than 980 halite, returning
=============== TURN 194 ================
Ship 5 have more than 980 halite, returning
=============== TURN 195 ================
=============== TURN 196 ================
=============== TURN 197 ================
=============== TURN 198 ================
Ship 34 have more than 980 halite, returning
=============== TURN 199 ================
=============== TURN 200 ================
=============== TURN 201 ================
=============== TURN 202 ================
=============== TURN 203 ================
=============== TURN 204 ================
=============== TURN 205 ================
=============== TURN 206 ================
=============== TURN 207 ================
=============== TURN 208 ================
=============== TURN 209 ================
Ship 31 have more than 980 halite, returning
=============== TURN 210 ================
Ship 20 have more than 980 halite, returning
Ship 63 have more than 980 halite, returning
Ship 72 have more than 980 halite, returning
=============== TURN 211 ================
=============== TURN 212 ================
=============== TURN 213 ================
=============== TURN 214 ================
=============== TURN 215 ================
=============== TURN 216 ================
=============== TURN 217 ================
=============== TURN 218 ================
Ship 16 have more than 980 halite, returning
Ship 12 have more than 980 halite, returning
=============== TURN 219 ================
Ship 66 have more than 980 halite, returning
=============== TURN 220 ================
=============== TURN 221 ================
Ship 77 have more than 980 halite, returning
=============== TURN 222 ================
=============== TURN 223 ================
Ship 44 have more than 980 halite, returning
=============== TURN 224 ================
=============== TURN 225 ================
=============== TURN 226 ================
Ship 75 have more than 980 halite, returning
=============== TURN 227 ================
=============== TURN 228 ================
=============== TURN 229 ================
=============== TURN 230 ================
=============== TURN 231 ================
Ship 93 have more than 980 halite, returning
=============== TURN 232 ================
=============== TURN 233 ================
=============== TURN 234 ================
=============== TURN 235 ================
=============== TURN 236 ================
=============== TURN 237 ================
=============== TURN 238 ================
Ship 1 have more than 980 halite, returning
Ship 36 have more than 980 halite, returning
